# JRE version: Java(TM) SE Runtime Environment (8.0_05-b13) (build 1.8.0_05-b13)
# Java VM: Java HotSpot(TM) 64-Bit Server VM (25.5-b02 mixed mode windows-amd64 compressed oops)
Heap:
 PSYoungGen      total 1024K, used 905K [0x00000000d5f80000, 0x00000000d6100000, 0x0000000100000000)
  eden space 512K, 76% used [0x00000000d5f80000,0x00000000d5fe2468,0x00000000d6000000)
  from space 512K, 100% used [0x00000000d6000000,0x00000000d6080000,0x00000000d6080000)
  to   space 512K, 0% used [0x00000000d6080000,0x00000000d6080000,0x00000000d6100000)
 ParOldGen       total 129536K, used 352K [0x0000000081e00000, 0x0000000089c80000, 0x00000000d5f80000)
  object space 129536K, 0% used [0x0000000081e00000,0x0000000081e58000,0x0000000089c80000)
 Metaspace       used 6377K, capacity 6798K, committed 7040K, reserved 1056768K
  class space    used 517K, capacity 538K, committed 640K, reserved 1048576K
GC Heap History (6 events):
Event: 0.448 GC heap before
{Heap before GC invocations=1 (full 0):
 PSYoungGen      total 1024K, used 512K [0x00000000d5f80000, 0x00000000d6100000, 0x0000000100000000)
  eden space 512K, 100% used [0x00000000d5f80000,0x00000000d6000000,0x00000000d6000000)
  from space 512K, 0% used [0x00000000d6080000,0x00000000d6080000,0x00000000d6100000)
  to   space 512K, 0% used [0x00000000d6000000,0x00000000d6000000,0x00000000d6080000)
 ParOldGen       total 129536K, used 0K [0x0000000081e00000, 0x0000000089c80000, 0x00000000d5f80000)
  object space 129536K, 0% used [0x0000000081e00000,0x0000000081e00000,0x0000000089c80000)
 Metaspace       used 2741K, capacity 4550K, committed 4864K, reserved 1056768K
  class space    used 303K, capacity 386K, committed 512K, reserved 1048576K
Event: 0.450 GC heap after
Heap after GC invocations=1 (full 0):
 PSYoungGen      total 1024K, used 416K [0x00000000d5f80000, 0x00000000d6100000, 0x0000000100000000)
  eden space 512K, 0% used [0x00000000d5f80000,0x00000000d5f80000,0x00000000d6000000)
  from space 512K, 81% used [0x00000000d6000000,0x00000000d6068020,0x00000000d6080000)
  to   space 512K, 0% used [0x00000000d6080000,0x00000000d6080000,0x00000000d6100000)
 ParOldGen       total 129536K, used 8K [0x0000000081e00000, 0x0000000089c80000, 0x00000000d5f80000)
  object space 129536K, 0% used [0x0000000081e00000,0x0000000081e02000,0x0000000089c80000)
 Metaspace       used 2741K, capacity 4550K, committed 4864K, reserved 1056768K
  class space    used 303K, capacity 386K, committed 512K, reserved 1048576K
}
Event: 7.153 GC heap before
{Heap before GC invocations=2 (full 0):
 PSYoungGen      total 1024K, used 928K [0x00000000d5f80000, 0x00000000d6100000, 0x0000000100000000)
  eden space 512K, 100% used [0x00000000d5f80000,0x00000000d6000000,0x00000000d6000000)
  from space 512K, 81% used [0x00000000d6000000,0x00000000d6068020,0x00000000d6080000)
  to   space 512K, 0% used [0x00000000d6080000,0x00000000d6080000,0x00000000d6100000)
 ParOldGen       total 129536K, used 8K [0x0000000081e00000, 0x0000000089c80000, 0x00000000d5f80000)
  object space 129536K, 0% used [0x0000000081e00000,0x0000000081e02000,0x0000000089c80000)
 Metaspace       used 3640K, capacity 4602K, committed 4864K, reserved 1056768K
  class space    used 405K, capacity 430K, committed 512K, reserved 1048576K
Event: 7.154 GC heap after
Heap after GC invocations=2 (full 0):
 PSYoungGen      total 1024K, used 496K [0x00000000d5f80000, 0x00000000d6100000, 0x0000000100000000)
  eden space 512K, 0% used [0x00000000d5f80000,0x00000000d5f80000,0x00000000d6000000)
  from space 512K, 96% used [0x00000000d6080000,0x00000000d60fc010,0x00000000d6100000)
  to   space 512K, 0% used [0x00000000d6000000,0x00000000d6000000,0x00000000d6080000)
 ParOldGen       total 129536K, used 144K [0x0000000081e00000, 0x0000000089c80000, 0x00000000d5f80000)
  object space 129536K, 0% used [0x0000000081e00000,0x0000000081e24000,0x0000000089c80000)
 Metaspace       used 3640K, capacity 4602K, committed 4864K, reserved 1056768K
  class space    used 405K, capacity 430K, committed 512K, reserved 1048576K
}
Event: 7.209 GC heap before
{Heap before GC invocations=3 (full 0):
 PSYoungGen      total 1024K, used 1008K [0x00000000d5f80000, 0x00000000d6100000, 0x0000000100000000)
  eden space 512K, 100% used [0x00000000d5f80000,0x00000000d6000000,0x00000000d6000000)
  from space 512K, 96% used [0x00000000d6080000,0x00000000d60fc010,0x00000000d6100000)
  to   space 512K, 0% used [0x00000000d6000000,0x00000000d6000000,0x00000000d6080000)
 ParOldGen       total 129536K, used 144K [0x0000000081e00000, 0x0000000089c80000, 0x00000000d5f80000)
  object space 129536K, 0% used [0x0000000081e00000,0x0000000081e24000,0x0000000089c80000)
 Metaspace       used 4176K, capacity 4700K, committed 4864K, reserved 1056768K
  class space    used 477K, capacity 503K, committed 512K, reserved 1048576K
Event: 7.211 GC heap after
Heap after GC invocations=3 (full 0):
 PSYoungGen      total 1024K, used 512K [0x00000000d5f80000, 0x00000000d6100000, 0x0000000100000000)
  eden space 512K, 0% used [0x00000000d5f80000,0x00000000d5f80000,0x00000000d6000000)
  from space 512K, 100% used [0x00000000d6000000,0x00000000d6080000,0x00000000d6080000)
  to   space 512K, 0% used [0x00000000d6080000,0x00000000d6080000,0x00000000d6100000)
 ParOldGen       total 129536K, used 352K [0x0000000081e00000, 0x0000000089c80000, 0x00000000d5f80000)
  object space 129536K, 0% used [0x0000000081e00000,0x0000000081e58000,0x0000000089c80000)
 Metaspace       used 4176K, capacity 4700K, committed 4864K, reserved 1056768K
  class space    used 477K, capacity 503K, committed 512K, reserved 1048576K
}

